<?xml version="1.0" encoding="UTF-8"?>
<!-- Generated by org.testng.reporters.JUnitReportReporter -->
<testsuite hostname="House" failures="0" tests="2" name="qaclickacademy.Appium_Test" time="0.005" errors="0" timestamp="24 Jul 2022 10:13:01 GMT">
  <testcase classname="qaclickacademy.Appium_Test" name="iOSApps" time="0.005"/>
  <testcase classname="qaclickacademy.Appium_Test" name="nativeAppAndroid" time="0.000"/>
</testsuite> <!-- qaclickacademy.Appium_Test -->
