<?xml version="1.0" encoding="UTF-8"?>
<!-- Generated by org.testng.reporters.JUnitReportReporter -->
<testsuite hostname="House" failures="0" tests="2" name="qaclickacademy.Selenium_Test" time="0.000" errors="0" timestamp="24 Jul 2022 10:13:01 GMT">
  <testcase classname="qaclickacademy.Selenium_Test" name="elementsUI" time="0.000"/>
  <testcase classname="qaclickacademy.Selenium_Test" name="BrowserAutomation" time="0.000"/>
</testsuite> <!-- qaclickacademy.Selenium_Test -->
